Determining if the pthread_create exist failed with the following output:
Change Dir: /home/parallels/Coding/CodingProjects/slam_catkin_ws/build/cv_bridge/CMakeFiles/CMakeTmp

Run Build Command:"/usr/bin/make" "cmTC_ff341/fast"
/usr/bin/make -f CMakeFiles/cmTC_ff341.dir/build.make CMakeFiles/cmTC_ff341.dir/build
make[1]: Entering directory '/home/parallels/Coding/CodingProjects/slam_catkin_ws/build/cv_bridge/CMakeFiles/CMakeTmp'
Building C object CMakeFiles/cmTC_ff341.dir/CheckSymbolExists.c.o
/usr/bin/cc    -o CMakeFiles/cmTC_ff341.dir/CheckSymbolExists.c.o   -c /home/parallels/Coding/CodingProjects/slam_catkin_ws/build/cv_bridge/CMakeFiles/CMakeTmp/CheckSymbolExists.c
Linking C executable cmTC_ff341
/usr/bin/cmake -E cmake_link_script CMakeFiles/cmTC_ff341.dir/link.txt --verbose=1
/usr/bin/cc      -rdynamic CMakeFiles/cmTC_ff341.dir/CheckSymbolExists.c.o  -o cmTC_ff341 
CMakeFiles/cmTC_ff341.dir/CheckSymbolExists.c.o: In function `main':
CheckSymbolExists.c:(.text+0x1b): undefined reference to `pthread_create'
collect2: error: ld returned 1 exit status
CMakeFiles/cmTC_ff341.dir/build.make:97: recipe for target 'cmTC_ff341' failed
make[1]: *** [cmTC_ff341] Error 1
make[1]: Leaving directory '/home/parallels/Coding/CodingProjects/slam_catkin_ws/build/cv_bridge/CMakeFiles/CMakeTmp'
Makefile:126: recipe for target 'cmTC_ff341/fast' failed
make: *** [cmTC_ff341/fast] Error 2

File /home/parallels/Coding/CodingProjects/slam_catkin_ws/build/cv_bridge/CMakeFiles/CMakeTmp/CheckSymbolExists.c:
/* */
#include <pthread.h>

int main(int argc, char** argv)
{
  (void)argv;
#ifndef pthread_create
  return ((int*)(&pthread_create))[argc];
#else
  (void)argc;
  return 0;
#endif
}

Determining if the function pthread_create exists in the pthreads failed with the following output:
Change Dir: /home/parallels/Coding/CodingProjects/slam_catkin_ws/build/cv_bridge/CMakeFiles/CMakeTmp

Run Build Command:"/usr/bin/make" "cmTC_377d2/fast"
/usr/bin/make -f CMakeFiles/cmTC_377d2.dir/build.make CMakeFiles/cmTC_377d2.dir/build
make[1]: Entering directory '/home/parallels/Coding/CodingProjects/slam_catkin_ws/build/cv_bridge/CMakeFiles/CMakeTmp'
Building C object CMakeFiles/cmTC_377d2.dir/CheckFunctionExists.c.o
/usr/bin/cc   -DCHECK_FUNCTION_EXISTS=pthread_create   -o CMakeFiles/cmTC_377d2.dir/CheckFunctionExists.c.o   -c /usr/share/cmake-3.10/Modules/CheckFunctionExists.c
Linking C executable cmTC_377d2
/usr/bin/cmake -E cmake_link_script CMakeFiles/cmTC_377d2.dir/link.txt --verbose=1
/usr/bin/cc  -DCHECK_FUNCTION_EXISTS=pthread_create    -rdynamic CMakeFiles/cmTC_377d2.dir/CheckFunctionExists.c.o  -o cmTC_377d2 -lpthreads 
/usr/bin/ld: cannot find -lpthreads
collect2: error: ld returned 1 exit status
CMakeFiles/cmTC_377d2.dir/build.make:97: recipe for target 'cmTC_377d2' failed
make[1]: *** [cmTC_377d2] Error 1
make[1]: Leaving directory '/home/parallels/Coding/CodingProjects/slam_catkin_ws/build/cv_bridge/CMakeFiles/CMakeTmp'
Makefile:126: recipe for target 'cmTC_377d2/fast' failed
make: *** [cmTC_377d2/fast] Error 2


