Determining if the pthread_create exist failed with the following output:
Change Dir: /home/parallels/Coding/CodingProjects/slam_catkin_ws/build/openvslam/CMakeFiles/CMakeTmp

Run Build Command:"/usr/bin/make" "cmTC_1892c/fast"
/usr/bin/make -f CMakeFiles/cmTC_1892c.dir/build.make CMakeFiles/cmTC_1892c.dir/build
make[1]: Entering directory '/home/parallels/Coding/CodingProjects/slam_catkin_ws/build/openvslam/CMakeFiles/CMakeTmp'
Building C object CMakeFiles/cmTC_1892c.dir/CheckSymbolExists.c.o
/usr/bin/cc   -Wall -Wextra -mtune=native    -o CMakeFiles/cmTC_1892c.dir/CheckSymbolExists.c.o   -c /home/parallels/Coding/CodingProjects/slam_catkin_ws/build/openvslam/CMakeFiles/CMakeTmp/CheckSymbolExists.c
Linking C executable cmTC_1892c
/usr/bin/cmake -E cmake_link_script CMakeFiles/cmTC_1892c.dir/link.txt --verbose=1
/usr/bin/cc  -Wall -Wextra -mtune=native     -rdynamic CMakeFiles/cmTC_1892c.dir/CheckSymbolExists.c.o  -o cmTC_1892c 
CMakeFiles/cmTC_1892c.dir/CheckSymbolExists.c.o: In function `main':
CheckSymbolExists.c:(.text+0x1b): undefined reference to `pthread_create'
collect2: error: ld returned 1 exit status
CMakeFiles/cmTC_1892c.dir/build.make:97: recipe for target 'cmTC_1892c' failed
make[1]: *** [cmTC_1892c] Error 1
make[1]: Leaving directory '/home/parallels/Coding/CodingProjects/slam_catkin_ws/build/openvslam/CMakeFiles/CMakeTmp'
Makefile:126: recipe for target 'cmTC_1892c/fast' failed
make: *** [cmTC_1892c/fast] Error 2

File /home/parallels/Coding/CodingProjects/slam_catkin_ws/build/openvslam/CMakeFiles/CMakeTmp/CheckSymbolExists.c:
/* */
#include <pthread.h>

int main(int argc, char** argv)
{
  (void)argv;
#ifndef pthread_create
  return ((int*)(&pthread_create))[argc];
#else
  (void)argc;
  return 0;
#endif
}

Determining if the function pthread_create exists in the pthreads failed with the following output:
Change Dir: /home/parallels/Coding/CodingProjects/slam_catkin_ws/build/openvslam/CMakeFiles/CMakeTmp

Run Build Command:"/usr/bin/make" "cmTC_89c39/fast"
/usr/bin/make -f CMakeFiles/cmTC_89c39.dir/build.make CMakeFiles/cmTC_89c39.dir/build
make[1]: Entering directory '/home/parallels/Coding/CodingProjects/slam_catkin_ws/build/openvslam/CMakeFiles/CMakeTmp'
Building C object CMakeFiles/cmTC_89c39.dir/CheckFunctionExists.c.o
/usr/bin/cc   -Wall -Wextra -mtune=native -DCHECK_FUNCTION_EXISTS=pthread_create   -o CMakeFiles/cmTC_89c39.dir/CheckFunctionExists.c.o   -c /usr/share/cmake-3.10/Modules/CheckFunctionExists.c
Linking C executable cmTC_89c39
/usr/bin/cmake -E cmake_link_script CMakeFiles/cmTC_89c39.dir/link.txt --verbose=1
/usr/bin/cc  -Wall -Wextra -mtune=native -DCHECK_FUNCTION_EXISTS=pthread_create    -rdynamic CMakeFiles/cmTC_89c39.dir/CheckFunctionExists.c.o  -o cmTC_89c39 -lpthreads 
/usr/bin/ld: cannot find -lpthreads
collect2: error: ld returned 1 exit status
CMakeFiles/cmTC_89c39.dir/build.make:97: recipe for target 'cmTC_89c39' failed
make[1]: *** [cmTC_89c39] Error 1
make[1]: Leaving directory '/home/parallels/Coding/CodingProjects/slam_catkin_ws/build/openvslam/CMakeFiles/CMakeTmp'
Makefile:126: recipe for target 'cmTC_89c39/fast' failed
make: *** [cmTC_89c39/fast] Error 2


