Not searching for unused variables given on the command line.
[36m--[0m The CXX compiler identification is GNU 7.5.0
[36m--[0m The C compiler identification is GNU 7.5.0
[36m--[0m Check for working CXX compiler: /usr/bin/c++
[36m--[0m Check for working CXX compiler: /usr/bin/c++ -- works
[36m--[0m Detecting CXX compiler ABI info
[36m--[0m Detecting CXX compiler ABI info - done
[36m--[0m Detecting CXX compile features
[36m--[0m Detecting CXX compile features - done
[36m--[0m Check for working C compiler: /usr/bin/cc
[36m--[0m Check for working C compiler: /usr/bin/cc -- works
[36m--[0m Detecting C compiler ABI info
[36m--[0m Detecting C compiler ABI info - done
[36m--[0m Detecting C compile features
[36m--[0m Detecting C compile features - done
[36m--[0m Root directory of OpenVSLAM: /home/parallels/Coding/CodingProjects/slam_catkin_ws/src/openvslam
[36m--[0m Build type: Release
[36m--[0m Address/Memory sanitizer: DISABLED
[36m--[0m Architecture-aware optimization (-march=native): DISABLED
[36m--[0m Performing Test COMPILER_SUPPORTS_CXX17
[36m--[0m Performing Test COMPILER_SUPPORTS_CXX17 - Success
[36m--[0m Performing Test COMPILER_SUPPORTS_CXX14
[36m--[0m Performing Test COMPILER_SUPPORTS_CXX14 - Success
[36m--[0m Performing Test COMPILER_SUPPORTS_CXX11
[36m--[0m Performing Test COMPILER_SUPPORTS_CXX11 - Success
[36m--[0m Performing Test COMPILER_SUPPORTS_CXX0X
[36m--[0m Performing Test COMPILER_SUPPORTS_CXX0X - Success
[36m--[0m C++11 support: OK (-std=c++17)
[36m--[0m Using CATKIN_DEVEL_PREFIX: /home/parallels/Coding/CodingProjects/slam_catkin_ws/devel/.private/publisher
[36m--[0m Using CMAKE_PREFIX_PATH: /home/parallels/Coding/CodingProjects/slam_catkin_ws/devel;/opt/ros/melodic
[36m--[0m This workspace overlays: /home/parallels/Coding/CodingProjects/slam_catkin_ws/devel;/opt/ros/melodic
[36m--[0m Found PythonInterp: /usr/bin/python2 (found suitable version "2.7.17", minimum required is "2")
[36m--[0m Using PYTHON_EXECUTABLE: /usr/bin/python2
[36m--[0m Using Debian Python package layout
[36m--[0m Using empy: /usr/bin/empy
[36m--[0m Using CATKIN_ENABLE_TESTING: ON
[36m--[0m Call enable_testing()
[36m--[0m Using CATKIN_TEST_RESULTS_DIR: /home/parallels/Coding/CodingProjects/slam_catkin_ws/build/publisher/test_results
[36m--[0m Found gtest sources under '/usr/src/googletest': gtests will be built
[36m--[0m Found gmock sources under '/usr/src/googletest': gmock will be built
[36m--[0m Found PythonInterp: /usr/bin/python2 (found version "2.7.17")
[36m--[0m Looking for pthread.h
[36m--[0m Looking for pthread.h - found
[36m--[0m Looking for pthread_create
[36m--[0m Looking for pthread_create - not found
[36m--[0m Looking for pthread_create in pthreads
[36m--[0m Looking for pthread_create in pthreads - not found
[36m--[0m Looking for pthread_create in pthread
[36m--[0m Looking for pthread_create in pthread - found
[36m--[0m Found Threads: TRUE
[36m--[0m Using Python nosetests: /usr/bin/nosetests-2.7
[36m--[0m catkin 0.7.26
[36m--[0m BUILD_SHARED_LIBS is on
[33m[1mCMake Warning[0m at /home/parallels/Coding/CodingProjects/slam_catkin_ws/src/openvslam/ros/src/publisher/CMakeLists.txt:108 (find_package):
  Could not find a configuration file for package "OpenCV" that is compatible
  with requested version "4.0".

  The following configuration files were considered but not accepted:

    /usr/share/OpenCV/OpenCVConfig.cmake, version: 3.2.0



[31m[1mCMake Error[0m at /home/parallels/Coding/CodingProjects/slam_catkin_ws/src/openvslam/ros/src/publisher/CMakeLists.txt:110 (message):
  OpenCV >= 3.3.1 not found


[36m--[0m Configuring incomplete, errors occurred!
See also "/home/parallels/Coding/CodingProjects/slam_catkin_ws/build/publisher/CMakeFiles/CMakeOutput.log".
See also "/home/parallels/Coding/CodingProjects/slam_catkin_ws/build/publisher/CMakeFiles/CMakeError.log".
