Determining if the pthread_create exist failed with the following output:
Change Dir: /home/parallels/projects/catkin_ws/build/image_geometry/CMakeFiles/CMakeTmp

Run Build Command:"/usr/bin/make" "cmTC_84cba/fast"
/usr/bin/make -f CMakeFiles/cmTC_84cba.dir/build.make CMakeFiles/cmTC_84cba.dir/build
make[1]: Entering directory '/home/parallels/projects/catkin_ws/build/image_geometry/CMakeFiles/CMakeTmp'
Building C object CMakeFiles/cmTC_84cba.dir/CheckSymbolExists.c.o
/usr/bin/cc    -o CMakeFiles/cmTC_84cba.dir/CheckSymbolExists.c.o   -c /home/parallels/projects/catkin_ws/build/image_geometry/CMakeFiles/CMakeTmp/CheckSymbolExists.c
Linking C executable cmTC_84cba
/usr/bin/cmake -E cmake_link_script CMakeFiles/cmTC_84cba.dir/link.txt --verbose=1
/usr/bin/cc      -rdynamic CMakeFiles/cmTC_84cba.dir/CheckSymbolExists.c.o  -o cmTC_84cba 
CMakeFiles/cmTC_84cba.dir/CheckSymbolExists.c.o: In function `main':
CheckSymbolExists.c:(.text+0x1b): undefined reference to `pthread_create'
collect2: error: ld returned 1 exit status
CMakeFiles/cmTC_84cba.dir/build.make:97: recipe for target 'cmTC_84cba' failed
make[1]: *** [cmTC_84cba] Error 1
make[1]: Leaving directory '/home/parallels/projects/catkin_ws/build/image_geometry/CMakeFiles/CMakeTmp'
Makefile:126: recipe for target 'cmTC_84cba/fast' failed
make: *** [cmTC_84cba/fast] Error 2

File /home/parallels/projects/catkin_ws/build/image_geometry/CMakeFiles/CMakeTmp/CheckSymbolExists.c:
/* */
#include <pthread.h>

int main(int argc, char** argv)
{
  (void)argv;
#ifndef pthread_create
  return ((int*)(&pthread_create))[argc];
#else
  (void)argc;
  return 0;
#endif
}

Determining if the function pthread_create exists in the pthreads failed with the following output:
Change Dir: /home/parallels/projects/catkin_ws/build/image_geometry/CMakeFiles/CMakeTmp

Run Build Command:"/usr/bin/make" "cmTC_0f09a/fast"
/usr/bin/make -f CMakeFiles/cmTC_0f09a.dir/build.make CMakeFiles/cmTC_0f09a.dir/build
make[1]: Entering directory '/home/parallels/projects/catkin_ws/build/image_geometry/CMakeFiles/CMakeTmp'
Building C object CMakeFiles/cmTC_0f09a.dir/CheckFunctionExists.c.o
/usr/bin/cc   -DCHECK_FUNCTION_EXISTS=pthread_create   -o CMakeFiles/cmTC_0f09a.dir/CheckFunctionExists.c.o   -c /usr/share/cmake-3.10/Modules/CheckFunctionExists.c
Linking C executable cmTC_0f09a
/usr/bin/cmake -E cmake_link_script CMakeFiles/cmTC_0f09a.dir/link.txt --verbose=1
/usr/bin/cc  -DCHECK_FUNCTION_EXISTS=pthread_create    -rdynamic CMakeFiles/cmTC_0f09a.dir/CheckFunctionExists.c.o  -o cmTC_0f09a -lpthreads 
/usr/bin/ld: cannot find -lpthreads
collect2: error: ld returned 1 exit status
CMakeFiles/cmTC_0f09a.dir/build.make:97: recipe for target 'cmTC_0f09a' failed
make[1]: *** [cmTC_0f09a] Error 1
make[1]: Leaving directory '/home/parallels/projects/catkin_ws/build/image_geometry/CMakeFiles/CMakeTmp'
Makefile:126: recipe for target 'cmTC_0f09a/fast' failed
make: *** [cmTC_0f09a/fast] Error 2


